DEBUG:1080516: 10-12 sale B4 (19:50:34)

RUTA G 51 y CRUCE QUILAPILUN

B4

http://tinyurl.com/hcy9sg8
INFO:Starting new HTTPS connection (1): api.telegram.org
DEBUG:"POST /bot138950372:AAE_0yTuQaEIMCiCQOR_YupVTAGCUSTXbvc/sendMessage?text=10-12+sale+B4+%2819%3A50%3A34%29%0A%0ARUTA+G+51+y+CRUCE+QUILAPILUN%0A%0AB4%0A%0Ahttp%3A%2F%2Ftinyurl.com%2Fhcy9sg8+1.47908148096e%2B12&chat_id=1080516 HTTP/1.1" 200 422
DEBUG:149030077: 10-12 sale B4 (19:50:34)

RUTA G 51 y CRUCE QUILAPILUN

B4

http://tinyurl.com/hcy9sg8
INFO:Starting new HTTPS connection (1): api.telegram.org
DEBUG:"POST /bot138950372:AAE_0yTuQaEIMCiCQOR_YupVTAGCUSTXbvc/sendMessage?text=10-12+sale+B4+%2819%3A50%3A34%29%0A%0ARUTA+G+51+y+CRUCE+QUILAPILUN%0A%0AB4%0A%0Ahttp%3A%2F%2Ftinyurl.com%2Fhcy9sg8+1.47908148245e%2B12&chat_id=149030077 HTTP/1.1" 403 76
INFO:Starting new HTTPS connection (1): dev.skynouk.com
DEBUG:"POST /api/report_notice HTTP/1.1" 200 66
INFO:Starting new HTTPS connection (1): dev.skynouk.com
DEBUG:"POST /api/report_notice HTTP/1.1" 200 66
INFO:Starting new HTTPS connection (1): dev.skynouk.com
DEBUG:"POST /api/report_notice HTTP/1.1" 200 66
INFO:Starting new HTTPS connection (1): dev.skynouk.com
DEBUG:"POST /api/report_notice HTTP/1.1" 200 66
INFO:Starting new HTTPS connection (1): dev.skynouk.com
DEBUG:"POST /api/report_notice HTTP/1.1" 200 66
INFO:Starting new HTTPS connection (1): dev.skynouk.com
DEBUG:"POST /api/report_notice HTTP/1.1" 200 66
DEBUG:1080516: 10-6 sale H4,B22 (8:55:8)

PROFESOR ALBERTO ZAÑARTU y INDEPENDENCIA

H4,B22

http://tinyurl.com/ybnrcqry
INFO:Starting new HTTPS connection (1): api.telegram.org
DEBUG:"POST /bot138950372:AAE_0yTuQaEIMCiCQOR_YupVTAGCUSTXbvc/sendMessage?text=10-6+sale+H4%2CB22+%288%3A55%3A8%29%0A%0APROFESOR+ALBERTO+ZA%C3%91ARTU+y+INDEPENDENCIA%0A%0AH4%2CB22%0A%0Ahttp%3A%2F%2Ftinyurl.com%2Fybnrcqry&chat_id=1080516 HTTP/1.1" 200 424
DEBUG:88122462: 10-6 sale H4,B22 (8:55:8)

PROFESOR ALBERTO ZAÑARTU y INDEPENDENCIA

H4,B22

http://tinyurl.com/ybnrcqry
INFO:Starting new HTTPS connection (1): api.telegram.org
DEBUG:"POST /bot138950372:AAE_0yTuQaEIMCiCQOR_YupVTAGCUSTXbvc/sendMessage?text=10-6+sale+H4%2CB22+%288%3A55%3A8%29%0A%0APROFESOR+ALBERTO+ZA%C3%91ARTU+y+INDEPENDENCIA%0A%0AH4%2CB22%0A%0Ahttp%3A%2F%2Ftinyurl.com%2Fybnrcqry&chat_id=88122462 HTTP/1.1" 403 84
DEBUG:164786868: 10-6 sale H4,B22 (8:55:8)

PROFESOR ALBERTO ZAÑARTU y INDEPENDENCIA

H4,B22

http://tinyurl.com/ybnrcqry
INFO:Starting new HTTPS connection (1): api.telegram.org
DEBUG:"POST /bot138950372:AAE_0yTuQaEIMCiCQOR_YupVTAGCUSTXbvc/sendMessage?text=10-6+sale+H4%2CB22+%288%3A55%3A8%29%0A%0APROFESOR+ALBERTO+ZA%C3%91ARTU+y+INDEPENDENCIA%0A%0AH4%2CB22%0A%0Ahttp%3A%2F%2Ftinyurl.com%2Fybnrcqry&chat_id=164786868 HTTP/1.1" 200 408
DEBUG:203377268: 10-6 sale H4,B22 (8:55:8)

PROFESOR ALBERTO ZAÑARTU y INDEPENDENCIA

H4,B22

http://tinyurl.com/ybnrcqry
INFO:Starting new HTTPS connection (1): api.telegram.org
DEBUG:"POST /bot138950372:AAE_0yTuQaEIMCiCQOR_YupVTAGCUSTXbvc/sendMessage?text=10-6+sale+H4%2CB22+%288%3A55%3A8%29%0A%0APROFESOR+ALBERTO+ZA%C3%91ARTU+y+INDEPENDENCIA%0A%0AH4%2CB22%0A%0Ahttp%3A%2F%2Ftinyurl.com%2Fybnrcqry&chat_id=203377268 HTTP/1.1" 200 436
DEBUG:48235551: 10-6 sale H4,B22 (8:55:8)

PROFESOR ALBERTO ZAÑARTU y INDEPENDENCIA

H4,B22

http://tinyurl.com/ybnrcqry
INFO:Starting new HTTPS connection (1): api.telegram.org
DEBUG:"POST /bot138950372:AAE_0yTuQaEIMCiCQOR_YupVTAGCUSTXbvc/sendMessage?text=10-6+sale+H4%2CB22+%288%3A55%3A8%29%0A%0APROFESOR+ALBERTO+ZA%C3%91ARTU+y+INDEPENDENCIA%0A%0AH4%2CB22%0A%0Ahttp%3A%2F%2Ftinyurl.com%2Fybnrcqry&chat_id=48235551 HTTP/1.1" 200 417
DEBUG:235466532: 10-6 sale H4,B22 (8:55:8)

PROFESOR ALBERTO ZAÑARTU y INDEPENDENCIA

H4,B22

http://tinyurl.com/ybnrcqry
INFO:Starting new HTTPS connection (1): api.telegram.org
DEBUG:"POST /bot138950372:AAE_0yTuQaEIMCiCQOR_YupVTAGCUSTXbvc/sendMessage?text=10-6+sale+H4%2CB22+%288%3A55%3A8%29%0A%0APROFESOR+ALBERTO+ZA%C3%91ARTU+y+INDEPENDENCIA%0A%0AH4%2CB22%0A%0Ahttp%3A%2F%2Ftinyurl.com%2Fybnrcqry&chat_id=235466532 HTTP/1.1" 200 402
INFO:Starting new HTTPS connection (1): dev.skynouk.com
DEBUG:"POST /api/report_notice HTTP/1.1" 200 66
INFO:Starting new HTTPS connection (1): dev.skynouk.com
DEBUG:"POST /api/report_notice HTTP/1.1" 200 67
INFO:Starting new HTTPS connection (1): services.skynouk.com
DEBUG:"POST /api/report_notice HTTP/1.1" 500 2802
INFO:Starting new HTTPS connection (1): services.skynouk.com
DEBUG:"POST /api/report_notice HTTP/1.1" 500 2380
INFO:Starting new HTTPS connection (1): services.skynouk.com
DEBUG:"POST /api/report_notice HTTP/1.1" 500 2380
DEBUG:1080516: 10-6 sale H4,B14 (9:42:41)

GENERAL ADOLFO HOLLEY y SUECIA

H4,B14

http://tinyurl.com/yalwalls
INFO:Starting new HTTPS connection (1): api.telegram.org
DEBUG:"POST /bot138950372:AAE_0yTuQaEIMCiCQOR_YupVTAGCUSTXbvc/sendMessage?text=10-6+sale+H4%2CB14+%289%3A42%3A41%29%0A%0AGENERAL+ADOLFO+HOLLEY+y+SUECIA%0A%0AH4%2CB14%0A%0Ahttp%3A%2F%2Ftinyurl.com%2Fyalwalls&chat_id=1080516 HTTP/1.1" 200 424
DEBUG:88122462: 10-6 sale H4,B14 (9:42:41)

GENERAL ADOLFO HOLLEY y SUECIA

H4,B14

http://tinyurl.com/yalwalls
INFO:Starting new HTTPS connection (1): api.telegram.org
DEBUG:"POST /bot138950372:AAE_0yTuQaEIMCiCQOR_YupVTAGCUSTXbvc/sendMessage?text=10-6+sale+H4%2CB14+%289%3A42%3A41%29%0A%0AGENERAL+ADOLFO+HOLLEY+y+SUECIA%0A%0AH4%2CB14%0A%0Ahttp%3A%2F%2Ftinyurl.com%2Fyalwalls&chat_id=88122462 HTTP/1.1" 403 84
DEBUG:164786868: 10-6 sale H4,B14 (9:42:41)

GENERAL ADOLFO HOLLEY y SUECIA

H4,B14

http://tinyurl.com/yalwalls
INFO:Starting new HTTPS connection (1): api.telegram.org
DEBUG:"POST /bot138950372:AAE_0yTuQaEIMCiCQOR_YupVTAGCUSTXbvc/sendMessage?text=10-6+sale+H4%2CB14+%289%3A42%3A41%29%0A%0AGENERAL+ADOLFO+HOLLEY+y+SUECIA%0A%0AH4%2CB14%0A%0Ahttp%3A%2F%2Ftinyurl.com%2Fyalwalls&chat_id=164786868 HTTP/1.1" 200 408
DEBUG:203377268: 10-6 sale H4,B14 (9:42:41)

GENERAL ADOLFO HOLLEY y SUECIA

H4,B14

http://tinyurl.com/yalwalls
INFO:Starting new HTTPS connection (1): api.telegram.org
DEBUG:"POST /bot138950372:AAE_0yTuQaEIMCiCQOR_YupVTAGCUSTXbvc/sendMessage?text=10-6+sale+H4%2CB14+%289%3A42%3A41%29%0A%0AGENERAL+ADOLFO+HOLLEY+y+SUECIA%0A%0AH4%2CB14%0A%0Ahttp%3A%2F%2Ftinyurl.com%2Fyalwalls&chat_id=203377268 HTTP/1.1" 200 436
DEBUG:48235551: 10-6 sale H4,B14 (9:42:41)

GENERAL ADOLFO HOLLEY y SUECIA

H4,B14

http://tinyurl.com/yalwalls
INFO:Starting new HTTPS connection (1): api.telegram.org
DEBUG:"POST /bot138950372:AAE_0yTuQaEIMCiCQOR_YupVTAGCUSTXbvc/sendMessage?text=10-6+sale+H4%2CB14+%289%3A42%3A41%29%0A%0AGENERAL+ADOLFO+HOLLEY+y+SUECIA%0A%0AH4%2CB14%0A%0Ahttp%3A%2F%2Ftinyurl.com%2Fyalwalls&chat_id=48235551 HTTP/1.1" 200 417
DEBUG:235466532: 10-6 sale H4,B14 (9:42:41)

GENERAL ADOLFO HOLLEY y SUECIA

H4,B14

http://tinyurl.com/yalwalls
INFO:Starting new HTTPS connection (1): api.telegram.org
DEBUG:"POST /bot138950372:AAE_0yTuQaEIMCiCQOR_YupVTAGCUSTXbvc/sendMessage?text=10-6+sale+H4%2CB14+%289%3A42%3A41%29%0A%0AGENERAL+ADOLFO+HOLLEY+y+SUECIA%0A%0AH4%2CB14%0A%0Ahttp%3A%2F%2Ftinyurl.com%2Fyalwalls&chat_id=235466532 HTTP/1.1" 200 402
INFO:Starting new HTTPS connection (1): services.skynouk.com
DEBUG:"POST /api/report_notice HTTP/1.1" 500 2607
DEBUG:394255799: 10-3-1 sale Q6 (11:48:11)

LIBERTADOR BERNARDO OHIGGINS y OBISPO MANUEL UMAÑA SALINAS

Q6

http://tinyurl.com/yaexel7h
INFO:Starting new HTTPS connection (1): api.telegram.org
DEBUG:"POST /bot138950372:AAE_0yTuQaEIMCiCQOR_YupVTAGCUSTXbvc/sendMessage?text=10-3-1+sale+Q6+%2811%3A48%3A11%29%0A%0ALIBERTADOR+BERNARDO+OHIGGINS+y+OBISPO+MANUEL+UMA%C3%91A+SALINAS%0A%0AQ6%0A%0Ahttp%3A%2F%2Ftinyurl.com%2Fyaexel7h&chat_id=394255799 HTTP/1.1" 200 436
INFO:Starting new HTTPS connection (1): services.skynouk.com
DEBUG:"POST /api/report_notice HTTP/1.1" 200 68
INFO:Starting new HTTPS connection (1): services.skynouk.com
DEBUG:"POST /api/report_notice HTTP/1.1" 200 68
INFO:Starting new HTTPS connection (1): services.skynouk.com
DEBUG:"POST /api/report_notice HTTP/1.1" 200 68
DEBUG:394255799: 10-0-1 sale B16,B11,Q6 (13:10:33)

PSJE LA TAPERA y PSJE GUAITECAS

B16,B11,Q6

http://tinyurl.com/y9xg9yb5
INFO:Starting new HTTPS connection (1): api.telegram.org
DEBUG:"POST /bot138950372:AAE_0yTuQaEIMCiCQOR_YupVTAGCUSTXbvc/sendMessage?text=10-0-1+sale+B16%2CB11%2CQ6+%2813%3A10%3A33%29%0A%0APSJE+LA+TAPERA+y+PSJE+GUAITECAS%0A%0AB16%2CB11%2CQ6%0A%0Ahttp%3A%2F%2Ftinyurl.com%2Fy9xg9yb5&chat_id=394255799 HTTP/1.1" 200 420
INFO:Starting new HTTPS connection (1): services.skynouk.com
DEBUG:"POST /api/report_notice HTTP/1.1" 200 68
INFO:Starting new HTTPS connection (1): services.skynouk.com
DEBUG:"POST /api/report_notice HTTP/1.1" 200 68
DEBUG:394255799: 10-3-1 sale Q6 (11:48:11)

LIBERTADOR BERNARDO OHIGGINS y OBISPO MANUEL UMAÑA SALINAS

Q6

http://tinyurl.com/y6vatpc2
INFO:Starting new HTTPS connection (1): api.telegram.org
DEBUG:"POST /bot138950372:AAE_0yTuQaEIMCiCQOR_YupVTAGCUSTXbvc/sendMessage?text=10-3-1+sale+Q6+%2811%3A48%3A11%29%0A%0ALIBERTADOR+BERNARDO+OHIGGINS+y+OBISPO+MANUEL+UMA%C3%91A+SALINAS%0A%0AQ6%0A%0Ahttp%3A%2F%2Ftinyurl.com%2Fy6vatpc2&chat_id=394255799 HTTP/1.1" 200 436
INFO:Starting new HTTPS connection (1): services.skynouk.com
DEBUG:"POST /api/report_notice HTTP/1.1" 200 68
DEBUG:394255799: 10-3-2 sale Q7,RH6,B10 (16:33:28)

MANUEL ANTONIO MATTA y SERRANO

Q7,RH6,B10

http://tinyurl.com/y85wllaz
INFO:Starting new HTTPS connection (1): api.telegram.org
DEBUG:"POST /bot138950372:AAE_0yTuQaEIMCiCQOR_YupVTAGCUSTXbvc/sendMessage?text=10-3-2+sale+Q7%2CRH6%2CB10+%2816%3A33%3A28%29%0A%0AMANUEL+ANTONIO+MATTA+y+SERRANO%0A%0AQ7%2CRH6%2CB10%0A%0Ahttp%3A%2F%2Ftinyurl.com%2Fy85wllaz&chat_id=394255799 HTTP/1.1" 200 419
INFO:Starting new HTTPS connection (1): services.skynouk.com
INFO:Starting new HTTPS connection (1): services.skynouk.com
DEBUG:"POST /api/report_notice HTTP/1.1" 200 68
INFO:Starting new HTTPS connection (1): services.skynouk.com
DEBUG:"POST /api/report_notice HTTP/1.1" 200 68
DEBUG:394255799: 10-0-1 sale B16,B11,Q6 (13:10:33)

PSJE LA TAPERA y PSJE GUAITECAS

B16,B11,Q6

http://tinyurl.com/y9xg9yb5
INFO:Starting new HTTPS connection (1): api.telegram.org
DEBUG:"POST /bot138950372:AAE_0yTuQaEIMCiCQOR_YupVTAGCUSTXbvc/sendMessage?text=10-0-1+sale+B16%2CB11%2CQ6+%2813%3A10%3A33%29%0A%0APSJE+LA+TAPERA+y+PSJE+GUAITECAS%0A%0AB16%2CB11%2CQ6%0A%0Ahttp%3A%2F%2Ftinyurl.com%2Fy9xg9yb5&chat_id=394255799 HTTP/1.1" 200 420
DEBUG:394255799: 10-3-2 sale Q7,RH6,B10 (16:33:28)

MANUEL ANTONIO MATTA y SERRANO

Q7,RH6,B10

http://tinyurl.com/y85wllaz
INFO:Starting new HTTPS connection (1): api.telegram.org
DEBUG:"POST /bot138950372:AAE_0yTuQaEIMCiCQOR_YupVTAGCUSTXbvc/sendMessage?text=10-3-2+sale+Q7%2CRH6%2CB10+%2816%3A33%3A28%29%0A%0AMANUEL+ANTONIO+MATTA+y+SERRANO%0A%0AQ7%2CRH6%2CB10%0A%0Ahttp%3A%2F%2Ftinyurl.com%2Fy85wllaz&chat_id=394255799 HTTP/1.1" 200 419
DEBUG:1080516: 10-6 sale H4,B5 (15:56:21)

COMPAÑIA DE JESUS y PASEO PASEO AHUMADA

H4,B5

http://tinyurl.com/ya6lgvxv
INFO:Starting new HTTPS connection (1): api.telegram.org
DEBUG:"POST /bot138950372:AAE_0yTuQaEIMCiCQOR_YupVTAGCUSTXbvc/sendMessage?text=10-6+sale+H4%2CB5+%2815%3A56%3A21%29%0A%0ACOMPA%C3%91IA+DE+JESUS+y+PASEO+PASEO+AHUMADA%0A%0AH4%2CB5%0A%0Ahttp%3A%2F%2Ftinyurl.com%2Fya6lgvxv&chat_id=1080516 HTTP/1.1" 200 438
DEBUG:88122462: 10-6 sale H4,B5 (15:56:21)

COMPAÑIA DE JESUS y PASEO PASEO AHUMADA

H4,B5

http://tinyurl.com/ya6lgvxv
INFO:Starting new HTTPS connection (1): api.telegram.org
DEBUG:"POST /bot138950372:AAE_0yTuQaEIMCiCQOR_YupVTAGCUSTXbvc/sendMessage?text=10-6+sale+H4%2CB5+%2815%3A56%3A21%29%0A%0ACOMPA%C3%91IA+DE+JESUS+y+PASEO+PASEO+AHUMADA%0A%0AH4%2CB5%0A%0Ahttp%3A%2F%2Ftinyurl.com%2Fya6lgvxv&chat_id=88122462 HTTP/1.1" 403 84
DEBUG:164786868: 10-6 sale H4,B5 (15:56:21)

COMPAÑIA DE JESUS y PASEO PASEO AHUMADA

H4,B5

http://tinyurl.com/ya6lgvxv
INFO:Starting new HTTPS connection (1): api.telegram.org
DEBUG:"POST /bot138950372:AAE_0yTuQaEIMCiCQOR_YupVTAGCUSTXbvc/sendMessage?text=10-6+sale+H4%2CB5+%2815%3A56%3A21%29%0A%0ACOMPA%C3%91IA+DE+JESUS+y+PASEO+PASEO+AHUMADA%0A%0AH4%2CB5%0A%0Ahttp%3A%2F%2Ftinyurl.com%2Fya6lgvxv&chat_id=164786868 HTTP/1.1" 403 76
DEBUG:203377268: 10-6 sale H4,B5 (15:56:21)

COMPAÑIA DE JESUS y PASEO PASEO AHUMADA

H4,B5

http://tinyurl.com/ya6lgvxv
INFO:Starting new HTTPS connection (1): api.telegram.org
DEBUG:"POST /bot138950372:AAE_0yTuQaEIMCiCQOR_YupVTAGCUSTXbvc/sendMessage?text=10-6+sale+H4%2CB5+%2815%3A56%3A21%29%0A%0ACOMPA%C3%91IA+DE+JESUS+y+PASEO+PASEO+AHUMADA%0A%0AH4%2CB5%0A%0Ahttp%3A%2F%2Ftinyurl.com%2Fya6lgvxv&chat_id=203377268 HTTP/1.1" 200 450
DEBUG:48235551: 10-6 sale H4,B5 (15:56:21)

COMPAÑIA DE JESUS y PASEO PASEO AHUMADA

H4,B5

http://tinyurl.com/ya6lgvxv
INFO:Starting new HTTPS connection (1): api.telegram.org
DEBUG:"POST /bot138950372:AAE_0yTuQaEIMCiCQOR_YupVTAGCUSTXbvc/sendMessage?text=10-6+sale+H4%2CB5+%2815%3A56%3A21%29%0A%0ACOMPA%C3%91IA+DE+JESUS+y+PASEO+PASEO+AHUMADA%0A%0AH4%2CB5%0A%0Ahttp%3A%2F%2Ftinyurl.com%2Fya6lgvxv&chat_id=48235551 HTTP/1.1" 200 431
DEBUG:235466532: 10-6 sale H4,B5 (15:56:21)

COMPAÑIA DE JESUS y PASEO PASEO AHUMADA

H4,B5

http://tinyurl.com/ya6lgvxv
INFO:Starting new HTTPS connection (1): api.telegram.org
DEBUG:"POST /bot138950372:AAE_0yTuQaEIMCiCQOR_YupVTAGCUSTXbvc/sendMessage?text=10-6+sale+H4%2CB5+%2815%3A56%3A21%29%0A%0ACOMPA%C3%91IA+DE+JESUS+y+PASEO+PASEO+AHUMADA%0A%0AH4%2CB5%0A%0Ahttp%3A%2F%2Ftinyurl.com%2Fya6lgvxv&chat_id=235466532 HTTP/1.1" 200 416
DEBUG:534223472: 10-6 sale H4,B5 (15:56:21)

COMPAÑIA DE JESUS y PASEO PASEO AHUMADA

H4,B5

http://tinyurl.com/ya6lgvxv
INFO:Starting new HTTPS connection (1): api.telegram.org
DEBUG:"POST /bot138950372:AAE_0yTuQaEIMCiCQOR_YupVTAGCUSTXbvc/sendMessage?text=10-6+sale+H4%2CB5+%2815%3A56%3A21%29%0A%0ACOMPA%C3%91IA+DE+JESUS+y+PASEO+PASEO+AHUMADA%0A%0AH4%2CB5%0A%0Ahttp%3A%2F%2Ftinyurl.com%2Fya6lgvxv&chat_id=534223472 HTTP/1.1" 200 424
DEBUG:22996667: 10-6 sale H4,B5 (15:56:21)

COMPAÑIA DE JESUS y PASEO PASEO AHUMADA

H4,B5

http://tinyurl.com/ya6lgvxv
INFO:Starting new HTTPS connection (1): api.telegram.org
DEBUG:"POST /bot138950372:AAE_0yTuQaEIMCiCQOR_YupVTAGCUSTXbvc/sendMessage?text=10-6+sale+H4%2CB5+%2815%3A56%3A21%29%0A%0ACOMPA%C3%91IA+DE+JESUS+y+PASEO+PASEO+AHUMADA%0A%0AH4%2CB5%0A%0Ahttp%3A%2F%2Ftinyurl.com%2Fya6lgvxv&chat_id=22996667 HTTP/1.1" 200 422
DEBUG:581956723: 10-6 sale H4,B5 (15:56:21)

COMPAÑIA DE JESUS y PASEO PASEO AHUMADA

H4,B5

http://tinyurl.com/ya6lgvxv
INFO:Starting new HTTPS connection (1): api.telegram.org
DEBUG:"POST /bot138950372:AAE_0yTuQaEIMCiCQOR_YupVTAGCUSTXbvc/sendMessage?text=10-6+sale+H4%2CB5+%2815%3A56%3A21%29%0A%0ACOMPA%C3%91IA+DE+JESUS+y+PASEO+PASEO+AHUMADA%0A%0AH4%2CB5%0A%0Ahttp%3A%2F%2Ftinyurl.com%2Fya6lgvxv&chat_id=581956723 HTTP/1.1" 200 399
DEBUG:92190929: 10-6 sale H4,B5 (15:56:21)

COMPAÑIA DE JESUS y PASEO PASEO AHUMADA

H4,B5

http://tinyurl.com/ya6lgvxv
INFO:Starting new HTTPS connection (1): api.telegram.org
DEBUG:"POST /bot138950372:AAE_0yTuQaEIMCiCQOR_YupVTAGCUSTXbvc/sendMessage?text=10-6+sale+H4%2CB5+%2815%3A56%3A21%29%0A%0ACOMPA%C3%91IA+DE+JESUS+y+PASEO+PASEO+AHUMADA%0A%0AH4%2CB5%0A%0Ahttp%3A%2F%2Ftinyurl.com%2Fya6lgvxv&chat_id=92190929 HTTP/1.1" 200 425
DEBUG:394255799: 10-3-1 sale Q6 (11:48:11)

LIBERTADOR BERNARDO OHIGGINS y OBISPO MANUEL UMAÑA SALINAS

Q6

http://tinyurl.com/y6vatpc2
INFO:Starting new HTTPS connection (1): api.telegram.org
DEBUG:"POST /bot138950372:AAE_0yTuQaEIMCiCQOR_YupVTAGCUSTXbvc/sendMessage?text=10-3-1+sale+Q6+%2811%3A48%3A11%29%0A%0ALIBERTADOR+BERNARDO+OHIGGINS+y+OBISPO+MANUEL+UMA%C3%91A+SALINAS%0A%0AQ6%0A%0Ahttp%3A%2F%2Ftinyurl.com%2Fy6vatpc2&chat_id=394255799 HTTP/1.1" 200 436
INFO:Starting new HTTPS connection (1): api.telegram.org
DEBUG:"POST /bot138950372:AAE_0yTuQaEIMCiCQOR_YupVTAGCUSTXbvc/sendMessage?text=i%27m+not+alone&chat_id=1080516 HTTP/1.1" 200 285
INFO:Starting new HTTPS connection (1): api.telegram.org
DEBUG:"POST /bot138950372:AAE_0yTuQaEIMCiCQOR_YupVTAGCUSTXbvc/sendMessage?text=i%27m+not+alone&chat_id=1080516 HTTP/1.1" 200 285
INFO:Starting new HTTPS connection (1): api.telegram.org
DEBUG:"POST /bot138950372:AAE_0yTuQaEIMCiCQOR_YupVTAGCUSTXbvc/sendMessage?text=i%27m+not+alone&chat_id=1080516 HTTP/1.1" 200 285
INFO:Starting new HTTPS connection (1): api.telegram.org
DEBUG:"POST /bot138950372:AAE_0yTuQaEIMCiCQOR_YupVTAGCUSTXbvc/sendMessage?text=i%27m+not+alone&chat_id=1080516 HTTP/1.1" 200 285
INFO:Starting new HTTPS connection (1): api.telegram.org
DEBUG:"POST /bot138950372:AAE_0yTuQaEIMCiCQOR_YupVTAGCUSTXbvc/sendMessage?text=i%27m+not+alone&chat_id=1080516 HTTP/1.1" 200 285
INFO:Starting new HTTPS connection (1): api.telegram.org
DEBUG:"POST /bot138950372:AAE_0yTuQaEIMCiCQOR_YupVTAGCUSTXbvc/sendMessage?text=i%27m+not+alone&chat_id=1080516 HTTP/1.1" 200 285
INFO:Starting new HTTPS connection (1): api.telegram.org
DEBUG:"POST /bot138950372:AAE_0yTuQaEIMCiCQOR_YupVTAGCUSTXbvc/sendMessage?text=i%27m+not+alone&chat_id=1080516 HTTP/1.1" 200 285
INFO:Starting new HTTPS connection (1): api.telegram.org
DEBUG:"POST /bot138950372:AAE_0yTuQaEIMCiCQOR_YupVTAGCUSTXbvc/sendMessage?text=i%27m+not+alone&chat_id=1080516 HTTP/1.1" 200 285
INFO:Starting new HTTPS connection (1): api.telegram.org
DEBUG:"POST /bot138950372:AAE_0yTuQaEIMCiCQOR_YupVTAGCUSTXbvc/sendMessage?text=i%27m+not+alone&chat_id=1080516 HTTP/1.1" 200 285
INFO:Starting new HTTPS connection (1): api.telegram.org
DEBUG:"POST /bot138950372:AAE_0yTuQaEIMCiCQOR_YupVTAGCUSTXbvc/sendMessage?text=i%27m+not+alone&chat_id=1080516 HTTP/1.1" 200 285
INFO:Starting new HTTPS connection (1): api.telegram.org
DEBUG:"POST /bot138950372:AAE_0yTuQaEIMCiCQOR_YupVTAGCUSTXbvc/sendMessage?text=i%27m+not+alone&chat_id=1080516 HTTP/1.1" 200 285
INFO:Starting new HTTPS connection (1): api.telegram.org
DEBUG:"POST /bot138950372:AAE_0yTuQaEIMCiCQOR_YupVTAGCUSTXbvc/sendMessage?text=i%27m+not+alone&chat_id=1080516 HTTP/1.1" 200 285
INFO:Starting new HTTPS connection (1): api.telegram.org
DEBUG:"POST /bot138950372:AAE_0yTuQaEIMCiCQOR_YupVTAGCUSTXbvc/sendMessage?text=i%27m+not+alone&chat_id=1080516 HTTP/1.1" 200 285
INFO:Starting new HTTPS connection (1): api.telegram.org
DEBUG:"POST /bot138950372:AAE_0yTuQaEIMCiCQOR_YupVTAGCUSTXbvc/sendMessage?text=i%27m+not+alone&chat_id=1080516 HTTP/1.1" 200 285
INFO:Starting new HTTPS connection (1): api.telegram.org
DEBUG:"POST /bot138950372:AAE_0yTuQaEIMCiCQOR_YupVTAGCUSTXbvc/sendMessage?text=i%27m+not+alone&chat_id=1080516 HTTP/1.1" 200 285
INFO:Starting new HTTPS connection (1): api.telegram.org
DEBUG:"POST /bot138950372:AAE_0yTuQaEIMCiCQOR_YupVTAGCUSTXbvc/sendMessage?text=i%27m+not+alone&chat_id=1080516 HTTP/1.1" 200 285
INFO:Starting new HTTPS connection (1): api.telegram.org
DEBUG:"POST /bot138950372:AAE_0yTuQaEIMCiCQOR_YupVTAGCUSTXbvc/sendMessage?text=i%27m+not+alone&chat_id=1080516 HTTP/1.1" 200 285
INFO:Starting new HTTPS connection (1): api.telegram.org
DEBUG:"POST /bot138950372:AAE_0yTuQaEIMCiCQOR_YupVTAGCUSTXbvc/sendMessage?text=i%27m+not+alone&chat_id=1080516 HTTP/1.1" 200 285
INFO:Starting new HTTPS connection (1): api.telegram.org
DEBUG:"POST /bot138950372:AAE_0yTuQaEIMCiCQOR_YupVTAGCUSTXbvc/sendMessage?text=i%27m+not+alone&chat_id=1080516 HTTP/1.1" 200 285
INFO:Starting new HTTPS connection (1): api.telegram.org
DEBUG:"POST /bot138950372:AAE_0yTuQaEIMCiCQOR_YupVTAGCUSTXbvc/sendMessage?text=i%27m+not+alone&chat_id=1080516 HTTP/1.1" 200 285
INFO:Starting new HTTPS connection (1): api.telegram.org
DEBUG:"POST /bot138950372:AAE_0yTuQaEIMCiCQOR_YupVTAGCUSTXbvc/sendMessage?text=i%27m+not+alone&chat_id=1080516 HTTP/1.1" 200 285
INFO:Starting new HTTPS connection (1): api.telegram.org
DEBUG:"POST /bot138950372:AAE_0yTuQaEIMCiCQOR_YupVTAGCUSTXbvc/sendMessage?text=i%27m+not+alone&chat_id=1080516 HTTP/1.1" 200 285
INFO:Starting new HTTPS connection (1): api.telegram.org
DEBUG:"POST /bot138950372:AAE_0yTuQaEIMCiCQOR_YupVTAGCUSTXbvc/sendMessage?text=i%27m+not+alone&chat_id=1080516 HTTP/1.1" 200 285
INFO:Starting new HTTPS connection (1): api.telegram.org
DEBUG:"POST /bot138950372:AAE_0yTuQaEIMCiCQOR_YupVTAGCUSTXbvc/sendMessage?text=i%27m+not+alone&chat_id=1080516 HTTP/1.1" 200 285
INFO:Starting new HTTPS connection (1): api.telegram.org
DEBUG:"POST /bot138950372:AAE_0yTuQaEIMCiCQOR_YupVTAGCUSTXbvc/sendMessage?text=i%27m+not+alone&chat_id=1080516 HTTP/1.1" 200 285
INFO:Starting new HTTPS connection (1): api.telegram.org
DEBUG:"POST /bot138950372:AAE_0yTuQaEIMCiCQOR_YupVTAGCUSTXbvc/sendMessage?text=i%27m+not+alone&chat_id=1080516 HTTP/1.1" 200 285
INFO:Starting new HTTPS connection (1): api.telegram.org
DEBUG:"POST /bot138950372:AAE_0yTuQaEIMCiCQOR_YupVTAGCUSTXbvc/sendMessage?text=i%27m+not+alone&chat_id=1080516 HTTP/1.1" 200 285
INFO:Starting new HTTPS connection (1): api.telegram.org
DEBUG:"POST /bot138950372:AAE_0yTuQaEIMCiCQOR_YupVTAGCUSTXbvc/sendMessage?text=i%27m+not+alone&chat_id=1080516 HTTP/1.1" 200 285
INFO:Starting new HTTPS connection (1): api.telegram.org
INFO:Starting new HTTPS connection (1): api.telegram.org
DEBUG:"POST /bot138950372:AAE_0yTuQaEIMCiCQOR_YupVTAGCUSTXbvc/sendMessage?text=10-3-1%0A%0ACALLE+GORBEA+%2F+AVDA+ESPANA%0A%0ARH6%2CBX11%0A%0Ahttp%3A%2F%2Ftinyurl.com%2Fszen2ur&chat_id=394255799 HTTP/1.1" 403 76
INFO:Starting new HTTPS connection (1): api.telegram.org
DEBUG:"POST /bot138950372:AAE_0yTuQaEIMCiCQOR_YupVTAGCUSTXbvc/sendMessage?text=10-4-1%0A%0AAUTOPISTA+CENTRAL+-+DE+NORTE+A+SUR+%2F+ENTRADA+GENERAL+RONDIZZONI%0A%0ARX6%2CBX10%0A%0Ahttp%3A%2F%2Ftinyurl.com%2Fsxsm6rv&chat_id=394255799 HTTP/1.1" 403 76
INFO:Starting new HTTPS connection (1): api.telegram.org
DEBUG:"POST /bot138950372:AAE_0yTuQaEIMCiCQOR_YupVTAGCUSTXbvc/sendMessage?text=10-5-1%0A%0ACALLE+LOS+CONQUISTADORES+%2F+CALLE+PADRE+LETELIER%0A%0AH4%2CRX14%0A%0Ahttp%3A%2F%2Ftinyurl.com%2Fvrmqtv8&chat_id=1080516 HTTP/1.1" 200 422
INFO:Starting new HTTPS connection (1): api.telegram.org
DEBUG:"POST /bot138950372:AAE_0yTuQaEIMCiCQOR_YupVTAGCUSTXbvc/sendMessage?text=10-5-1%0A%0ACALLE+LOS+CONQUISTADORES+%2F+CALLE+PADRE+LETELIER%0A%0AH4%2CRX14%0A%0Ahttp%3A%2F%2Ftinyurl.com%2Fvrmqtv8&chat_id=88122462 HTTP/1.1" 403 84
INFO:Starting new HTTPS connection (1): api.telegram.org
DEBUG:"POST /bot138950372:AAE_0yTuQaEIMCiCQOR_YupVTAGCUSTXbvc/sendMessage?text=10-5-1%0A%0ACALLE+LOS+CONQUISTADORES+%2F+CALLE+PADRE+LETELIER%0A%0AH4%2CRX14%0A%0Ahttp%3A%2F%2Ftinyurl.com%2Fvrmqtv8&chat_id=164786868 HTTP/1.1" 403 76
INFO:Starting new HTTPS connection (1): api.telegram.org
DEBUG:"POST /bot138950372:AAE_0yTuQaEIMCiCQOR_YupVTAGCUSTXbvc/sendMessage?text=10-5-1%0A%0ACALLE+LOS+CONQUISTADORES+%2F+CALLE+PADRE+LETELIER%0A%0AH4%2CRX14%0A%0Ahttp%3A%2F%2Ftinyurl.com%2Fvrmqtv8&chat_id=203377268 HTTP/1.1" 403 76
INFO:Starting new HTTPS connection (1): api.telegram.org
DEBUG:"POST /bot138950372:AAE_0yTuQaEIMCiCQOR_YupVTAGCUSTXbvc/sendMessage?text=10-5-1%0A%0ACALLE+LOS+CONQUISTADORES+%2F+CALLE+PADRE+LETELIER%0A%0AH4%2CRX14%0A%0Ahttp%3A%2F%2Ftinyurl.com%2Fvrmqtv8&chat_id=48235551 HTTP/1.1" 403 76
INFO:Starting new HTTPS connection (1): api.telegram.org
DEBUG:"POST /bot138950372:AAE_0yTuQaEIMCiCQOR_YupVTAGCUSTXbvc/sendMessage?text=10-5-1%0A%0ACALLE+LOS+CONQUISTADORES+%2F+CALLE+PADRE+LETELIER%0A%0AH4%2CRX14%0A%0Ahttp%3A%2F%2Ftinyurl.com%2Fvrmqtv8&chat_id=235466532 HTTP/1.1" 200 400
INFO:Starting new HTTPS connection (1): api.telegram.org
DEBUG:"POST /bot138950372:AAE_0yTuQaEIMCiCQOR_YupVTAGCUSTXbvc/sendMessage?text=10-5-1%0A%0ACALLE+LOS+CONQUISTADORES+%2F+CALLE+PADRE+LETELIER%0A%0AH4%2CRX14%0A%0Ahttp%3A%2F%2Ftinyurl.com%2Fvrmqtv8&chat_id=534223472 HTTP/1.1" 200 408
INFO:Starting new HTTPS connection (1): api.telegram.org
DEBUG:"POST /bot138950372:AAE_0yTuQaEIMCiCQOR_YupVTAGCUSTXbvc/sendMessage?text=10-5-1%0A%0ACALLE+LOS+CONQUISTADORES+%2F+CALLE+PADRE+LETELIER%0A%0AH4%2CRX14%0A%0Ahttp%3A%2F%2Ftinyurl.com%2Fvrmqtv8&chat_id=22996667 HTTP/1.1" 200 406
INFO:Starting new HTTPS connection (1): api.telegram.org
DEBUG:"POST /bot138950372:AAE_0yTuQaEIMCiCQOR_YupVTAGCUSTXbvc/sendMessage?text=10-5-1%0A%0ACALLE+LOS+CONQUISTADORES+%2F+CALLE+PADRE+LETELIER%0A%0AH4%2CRX14%0A%0Ahttp%3A%2F%2Ftinyurl.com%2Fvrmqtv8&chat_id=581956723 HTTP/1.1" 200 383
INFO:Starting new HTTPS connection (1): api.telegram.org
DEBUG:"POST /bot138950372:AAE_0yTuQaEIMCiCQOR_YupVTAGCUSTXbvc/sendMessage?text=10-5-1%0A%0ACALLE+LOS+CONQUISTADORES+%2F+CALLE+PADRE+LETELIER%0A%0AH4%2CRX14%0A%0Ahttp%3A%2F%2Ftinyurl.com%2Fvrmqtv8&chat_id=92190929 HTTP/1.1" 200 409
INFO:Starting new HTTPS connection (1): api.telegram.org
DEBUG:"POST /bot138950372:AAE_0yTuQaEIMCiCQOR_YupVTAGCUSTXbvc/sendMessage?text=10-5-1%0A%0ACALLE+LOS+CONQUISTADORES+%2F+CALLE+PADRE+LETELIER%0A%0AH4%2CRX14%0A%0Ahttp%3A%2F%2Ftinyurl.com%2Fvrmqtv8&chat_id=924334648 HTTP/1.1" 200 405
INFO:Starting new HTTPS connection (1): api.telegram.org
DEBUG:"POST /bot138950372:AAE_0yTuQaEIMCiCQOR_YupVTAGCUSTXbvc/sendMessage?text=10-5-1%0A%0ACALLE+LOS+CONQUISTADORES+%2F+CALLE+PADRE+LETELIER%0A%0AH4%2CRX14%0A%0Ahttp%3A%2F%2Ftinyurl.com%2Fvrmqtv8&chat_id=636967489 HTTP/1.1" 200 402
INFO:Starting new HTTPS connection (1): api.telegram.org
DEBUG:"POST /bot138950372:AAE_0yTuQaEIMCiCQOR_YupVTAGCUSTXbvc/sendMessage?text=10-5-1%0A%0ACALLE+LOS+CONQUISTADORES+%2F+CALLE+PADRE+LETELIER%0A%0AH4%2CRX14%0A%0Ahttp%3A%2F%2Ftinyurl.com%2Fvrmqtv8&chat_id=887303816 HTTP/1.1" 200 378
INFO:Starting new HTTPS connection (1): api.telegram.org
DEBUG:"POST /bot138950372:AAE_0yTuQaEIMCiCQOR_YupVTAGCUSTXbvc/sendMessage?text=10-6%0A%0ACALLE+OBISPO+DONOSO+%2F+AVDA+PROVIDENCIA%0A%0AH4%2CB3%0A%0Ahttp%3A%2F%2Ftinyurl.com%2Ftohoyey&chat_id=1080516 HTTP/1.1" 200 409
INFO:Starting new HTTPS connection (1): api.telegram.org
DEBUG:"POST /bot138950372:AAE_0yTuQaEIMCiCQOR_YupVTAGCUSTXbvc/sendMessage?text=10-6%0A%0ACALLE+OBISPO+DONOSO+%2F+AVDA+PROVIDENCIA%0A%0AH4%2CB3%0A%0Ahttp%3A%2F%2Ftinyurl.com%2Ftohoyey&chat_id=88122462 HTTP/1.1" 403 84
INFO:Starting new HTTPS connection (1): api.telegram.org
DEBUG:"POST /bot138950372:AAE_0yTuQaEIMCiCQOR_YupVTAGCUSTXbvc/sendMessage?text=10-6%0A%0ACALLE+OBISPO+DONOSO+%2F+AVDA+PROVIDENCIA%0A%0AH4%2CB3%0A%0Ahttp%3A%2F%2Ftinyurl.com%2Ftohoyey&chat_id=164786868 HTTP/1.1" 403 76
INFO:Starting new HTTPS connection (1): api.telegram.org
DEBUG:"POST /bot138950372:AAE_0yTuQaEIMCiCQOR_YupVTAGCUSTXbvc/sendMessage?text=10-6%0A%0ACALLE+OBISPO+DONOSO+%2F+AVDA+PROVIDENCIA%0A%0AH4%2CB3%0A%0Ahttp%3A%2F%2Ftinyurl.com%2Ftohoyey&chat_id=203377268 HTTP/1.1" 403 76
INFO:Starting new HTTPS connection (1): api.telegram.org
DEBUG:"POST /bot138950372:AAE_0yTuQaEIMCiCQOR_YupVTAGCUSTXbvc/sendMessage?text=10-6%0A%0ACALLE+OBISPO+DONOSO+%2F+AVDA+PROVIDENCIA%0A%0AH4%2CB3%0A%0Ahttp%3A%2F%2Ftinyurl.com%2Ftohoyey&chat_id=48235551 HTTP/1.1" 403 76
INFO:Starting new HTTPS connection (1): api.telegram.org
DEBUG:"POST /bot138950372:AAE_0yTuQaEIMCiCQOR_YupVTAGCUSTXbvc/sendMessage?text=10-6%0A%0ACALLE+OBISPO+DONOSO+%2F+AVDA+PROVIDENCIA%0A%0AH4%2CB3%0A%0Ahttp%3A%2F%2Ftinyurl.com%2Ftohoyey&chat_id=235466532 HTTP/1.1" 200 387
INFO:Starting new HTTPS connection (1): api.telegram.org
DEBUG:"POST /bot138950372:AAE_0yTuQaEIMCiCQOR_YupVTAGCUSTXbvc/sendMessage?text=10-6%0A%0ACALLE+OBISPO+DONOSO+%2F+AVDA+PROVIDENCIA%0A%0AH4%2CB3%0A%0Ahttp%3A%2F%2Ftinyurl.com%2Ftohoyey&chat_id=534223472 HTTP/1.1" 200 395
INFO:Starting new HTTPS connection (1): api.telegram.org
DEBUG:"POST /bot138950372:AAE_0yTuQaEIMCiCQOR_YupVTAGCUSTXbvc/sendMessage?text=10-6%0A%0ACALLE+OBISPO+DONOSO+%2F+AVDA+PROVIDENCIA%0A%0AH4%2CB3%0A%0Ahttp%3A%2F%2Ftinyurl.com%2Ftohoyey&chat_id=22996667 HTTP/1.1" 200 393
INFO:Starting new HTTPS connection (1): api.telegram.org
DEBUG:"POST /bot138950372:AAE_0yTuQaEIMCiCQOR_YupVTAGCUSTXbvc/sendMessage?text=10-6%0A%0ACALLE+OBISPO+DONOSO+%2F+AVDA+PROVIDENCIA%0A%0AH4%2CB3%0A%0Ahttp%3A%2F%2Ftinyurl.com%2Ftohoyey&chat_id=581956723 HTTP/1.1" 200 370
INFO:Starting new HTTPS connection (1): api.telegram.org
DEBUG:"POST /bot138950372:AAE_0yTuQaEIMCiCQOR_YupVTAGCUSTXbvc/sendMessage?text=10-6%0A%0ACALLE+OBISPO+DONOSO+%2F+AVDA+PROVIDENCIA%0A%0AH4%2CB3%0A%0Ahttp%3A%2F%2Ftinyurl.com%2Ftohoyey&chat_id=92190929 HTTP/1.1" 200 396
INFO:Starting new HTTPS connection (1): api.telegram.org
DEBUG:"POST /bot138950372:AAE_0yTuQaEIMCiCQOR_YupVTAGCUSTXbvc/sendMessage?text=10-6%0A%0ACALLE+OBISPO+DONOSO+%2F+AVDA+PROVIDENCIA%0A%0AH4%2CB3%0A%0Ahttp%3A%2F%2Ftinyurl.com%2Ftohoyey&chat_id=924334648 HTTP/1.1" 200 392
INFO:Starting new HTTPS connection (1): api.telegram.org
DEBUG:"POST /bot138950372:AAE_0yTuQaEIMCiCQOR_YupVTAGCUSTXbvc/sendMessage?text=10-6%0A%0ACALLE+OBISPO+DONOSO+%2F+AVDA+PROVIDENCIA%0A%0AH4%2CB3%0A%0Ahttp%3A%2F%2Ftinyurl.com%2Ftohoyey&chat_id=636967489 HTTP/1.1" 200 389
INFO:Starting new HTTPS connection (1): api.telegram.org
DEBUG:"POST /bot138950372:AAE_0yTuQaEIMCiCQOR_YupVTAGCUSTXbvc/sendMessage?text=10-6%0A%0ACALLE+OBISPO+DONOSO+%2F+AVDA+PROVIDENCIA%0A%0AH4%2CB3%0A%0Ahttp%3A%2F%2Ftinyurl.com%2Ftohoyey&chat_id=887303816 HTTP/1.1" 200 365
INFO:Starting new HTTPS connection (1): api.telegram.org
DEBUG:"POST /bot138950372:AAE_0yTuQaEIMCiCQOR_YupVTAGCUSTXbvc/sendMessage?text=10-6%0A%0ACALLE+MARCOLETA+%2F+CALLE+LIRA%0A%0AH17%2CB1%0A%0Ahttp%3A%2F%2Ftinyurl.com%2Fwv3eyfe&chat_id=690418446 HTTP/1.1" 200 373
INFO:Starting new HTTPS connection (1): api.telegram.org
DEBUG:"POST /bot138950372:AAE_0yTuQaEIMCiCQOR_YupVTAGCUSTXbvc/sendMessage?text=10-12+A+10-6%0A%0APSJE+ALVARO+CASANOVA+%2F+AVDA+TALINAY%0A%0AH4%0A%0Ahttp%3A%2F%2Ftinyurl.com%2Ft52qmpy&chat_id=1080516 HTTP/1.1" 200 411
INFO:Starting new HTTPS connection (1): api.telegram.org
DEBUG:"POST /bot138950372:AAE_0yTuQaEIMCiCQOR_YupVTAGCUSTXbvc/sendMessage?text=10-12+A+10-6%0A%0APSJE+ALVARO+CASANOVA+%2F+AVDA+TALINAY%0A%0AH4%0A%0Ahttp%3A%2F%2Ftinyurl.com%2Ft52qmpy&chat_id=88122462 HTTP/1.1" 403 84
INFO:Starting new HTTPS connection (1): api.telegram.org
DEBUG:"POST /bot138950372:AAE_0yTuQaEIMCiCQOR_YupVTAGCUSTXbvc/sendMessage?text=10-12+A+10-6%0A%0APSJE+ALVARO+CASANOVA+%2F+AVDA+TALINAY%0A%0AH4%0A%0Ahttp%3A%2F%2Ftinyurl.com%2Ft52qmpy&chat_id=164786868 HTTP/1.1" 403 76
INFO:Starting new HTTPS connection (1): api.telegram.org
DEBUG:"POST /bot138950372:AAE_0yTuQaEIMCiCQOR_YupVTAGCUSTXbvc/sendMessage?text=10-12+A+10-6%0A%0APSJE+ALVARO+CASANOVA+%2F+AVDA+TALINAY%0A%0AH4%0A%0Ahttp%3A%2F%2Ftinyurl.com%2Ft52qmpy&chat_id=203377268 HTTP/1.1" 403 76
INFO:Starting new HTTPS connection (1): api.telegram.org
DEBUG:"POST /bot138950372:AAE_0yTuQaEIMCiCQOR_YupVTAGCUSTXbvc/sendMessage?text=10-12+A+10-6%0A%0APSJE+ALVARO+CASANOVA+%2F+AVDA+TALINAY%0A%0AH4%0A%0Ahttp%3A%2F%2Ftinyurl.com%2Ft52qmpy&chat_id=48235551 HTTP/1.1" 403 76
INFO:Starting new HTTPS connection (1): api.telegram.org
DEBUG:"POST /bot138950372:AAE_0yTuQaEIMCiCQOR_YupVTAGCUSTXbvc/sendMessage?text=10-12+A+10-6%0A%0APSJE+ALVARO+CASANOVA+%2F+AVDA+TALINAY%0A%0AH4%0A%0Ahttp%3A%2F%2Ftinyurl.com%2Ft52qmpy&chat_id=235466532 HTTP/1.1" 200 389
INFO:Starting new HTTPS connection (1): api.telegram.org
DEBUG:"POST /bot138950372:AAE_0yTuQaEIMCiCQOR_YupVTAGCUSTXbvc/sendMessage?text=10-12+A+10-6%0A%0APSJE+ALVARO+CASANOVA+%2F+AVDA+TALINAY%0A%0AH4%0A%0Ahttp%3A%2F%2Ftinyurl.com%2Ft52qmpy&chat_id=534223472 HTTP/1.1" 200 397
INFO:Starting new HTTPS connection (1): api.telegram.org
DEBUG:"POST /bot138950372:AAE_0yTuQaEIMCiCQOR_YupVTAGCUSTXbvc/sendMessage?text=10-12+A+10-6%0A%0APSJE+ALVARO+CASANOVA+%2F+AVDA+TALINAY%0A%0AH4%0A%0Ahttp%3A%2F%2Ftinyurl.com%2Ft52qmpy&chat_id=22996667 HTTP/1.1" 200 395
INFO:Starting new HTTPS connection (1): api.telegram.org
DEBUG:"POST /bot138950372:AAE_0yTuQaEIMCiCQOR_YupVTAGCUSTXbvc/sendMessage?text=10-12+A+10-6%0A%0APSJE+ALVARO+CASANOVA+%2F+AVDA+TALINAY%0A%0AH4%0A%0Ahttp%3A%2F%2Ftinyurl.com%2Ft52qmpy&chat_id=581956723 HTTP/1.1" 200 372
INFO:Starting new HTTPS connection (1): api.telegram.org
DEBUG:"POST /bot138950372:AAE_0yTuQaEIMCiCQOR_YupVTAGCUSTXbvc/sendMessage?text=10-12+A+10-6%0A%0APSJE+ALVARO+CASANOVA+%2F+AVDA+TALINAY%0A%0AH4%0A%0Ahttp%3A%2F%2Ftinyurl.com%2Ft52qmpy&chat_id=92190929 HTTP/1.1" 200 398
INFO:Starting new HTTPS connection (1): api.telegram.org
DEBUG:"POST /bot138950372:AAE_0yTuQaEIMCiCQOR_YupVTAGCUSTXbvc/sendMessage?text=10-12+A+10-6%0A%0APSJE+ALVARO+CASANOVA+%2F+AVDA+TALINAY%0A%0AH4%0A%0Ahttp%3A%2F%2Ftinyurl.com%2Ft52qmpy&chat_id=924334648 HTTP/1.1" 200 394
INFO:Starting new HTTPS connection (1): api.telegram.org
DEBUG:"POST /bot138950372:AAE_0yTuQaEIMCiCQOR_YupVTAGCUSTXbvc/sendMessage?text=10-12+A+10-6%0A%0APSJE+ALVARO+CASANOVA+%2F+AVDA+TALINAY%0A%0AH4%0A%0Ahttp%3A%2F%2Ftinyurl.com%2Ft52qmpy&chat_id=636967489 HTTP/1.1" 200 391
INFO:Starting new HTTPS connection (1): api.telegram.org
DEBUG:"POST /bot138950372:AAE_0yTuQaEIMCiCQOR_YupVTAGCUSTXbvc/sendMessage?text=10-12+A+10-6%0A%0APSJE+ALVARO+CASANOVA+%2F+AVDA+TALINAY%0A%0AH4%0A%0Ahttp%3A%2F%2Ftinyurl.com%2Ft52qmpy&chat_id=887303816 HTTP/1.1" 200 367
INFO:Starting new HTTPS connection (1): api.telegram.org
DEBUG:"POST /bot138950372:AAE_0yTuQaEIMCiCQOR_YupVTAGCUSTXbvc/sendMessage?text=2020-02-05%0A%0A10-9%0A%0AAVDA+PRESIDENTE+BALMACEDA+%2F+CALLE+MORANDE%0A%0AM8%0A%0Ahttp%3A%2F%2Ftinyurl.com%2Fsj4mnqk&chat_id=1080516 HTTP/1.1" 200 423
INFO:Starting new HTTPS connection (1): api.telegram.org
DEBUG:"POST /bot138950372:AAE_0yTuQaEIMCiCQOR_YupVTAGCUSTXbvc/sendMessage?text=2020-02-05%0A%0A10-4-1%0A%0AAVDA+VICUNA+MACKENNA+%2F+AVDA+10+DE+JULIO+HUAMACHUCO%0A%0ARX7%2CBT3%0A%0Ahttp%3A%2F%2Ftinyurl.com%2Fwky8f4u&chat_id=1080516 HTTP/1.1" 200 439
INFO:Starting new HTTPS connection (1): api.telegram.org
DEBUG:"POST /bot138950372:AAE_0yTuQaEIMCiCQOR_YupVTAGCUSTXbvc/sendMessage?text=2020-02-05%0A%0A10-6%0A%0ACALLE+JORGE+MATTE+GORMAZ+%2F+CALLE+ELIECER+PARADA%0A%0AH18%2CRX14%0A%0Ahttp%3A%2F%2Ftinyurl.com%2Fuco3w9x&chat_id=1080516 HTTP/1.1" 200 435
INFO:Starting new HTTPS connection (1): api.telegram.org
DEBUG:"POST /bot138950372:AAE_0yTuQaEIMCiCQOR_YupVTAGCUSTXbvc/sendMessage?text=2020-02-05%0A%0A10-4-1%0A%0AAVDA+PROVIDENCIA+%2F+AVDA+VICUNA+MACKENNA%0A%0ARX7%2CB3%0A%0Ahttp%3A%2F%2Ftinyurl.com%2Ft6uqwf4&chat_id=1080516 HTTP/1.1" 200 427
INFO:Starting new HTTPS connection (1): api.telegram.org
DEBUG:"POST /bot138950372:AAE_0yTuQaEIMCiCQOR_YupVTAGCUSTXbvc/sendMessage?text=2020-02-05%0A%0A10-12+A+INC.%0A%0AAVDA+LO+ERRAZURIZ+%2F+AVDA+COSTANERA+NORTE%0A%0AZ2%0A%0Ahttp%3A%2F%2Ftinyurl.com%2Fsbl3rg4&chat_id=1080516 HTTP/1.1" 200 430
INFO:Starting new HTTPS connection (1): api.telegram.org
DEBUG:"POST /bot138950372:AAE_0yTuQaEIMCiCQOR_YupVTAGCUSTXbvc/sendMessage?text=2020-02-05%0A%0A10-2%0A%0AAVDA+PORTUGAL+%2F+CALLE+SANTA+ELVIRA%0A%0ABX10%0A%0Ahttp%3A%2F%2Ftinyurl.com%2Fqppatcf&chat_id=1080516 HTTP/1.1" 200 418
INFO:Starting new HTTPS connection (1): api.telegram.org
DEBUG:"POST /bot138950372:AAE_0yTuQaEIMCiCQOR_YupVTAGCUSTXbvc/sendMessage?text=2020-02-05%0A%0A10-4-2%0A%0AAVDA+PIO+NONO+%2F+CALLE+DARDIGNAC%0A%0ARX8%2CRX7%2CB3%0A%0Ahttp%3A%2F%2Ftinyurl.com%2Fstjh6te&chat_id=1080516 HTTP/1.1" 200 423
INFO:Starting new HTTPS connection (1): api.telegram.org
DEBUG:"POST /bot138950372:AAE_0yTuQaEIMCiCQOR_YupVTAGCUSTXbvc/sendMessage?text=2020-02-05%0A%0A10-12+A+10-5%0A%0ACALLE+FRANKFURT+%2F+CALLE+SAN+NICOLAS%0A%0AH17%0A%0Ahttp%3A%2F%2Ftinyurl.com%2Fuufeul2&chat_id=1080516 HTTP/1.1" 200 426
INFO:Starting new HTTPS connection (1): api.telegram.org
DEBUG:"POST /bot138950372:AAE_0yTuQaEIMCiCQOR_YupVTAGCUSTXbvc/sendMessage?text=2020-02-05%0A%0A10-4-1%0A%0AAVDA+SEMINARIO+%2F+AVDA+RANCAGUA%0A%0ARX7%2CB3%0A%0Ahttp%3A%2F%2Ftinyurl.com%2Fqoe3wcv&chat_id=1080516 HTTP/1.1" 200 418
INFO:Starting new HTTPS connection (1): api.telegram.org
DEBUG:"POST /bot138950372:AAE_0yTuQaEIMCiCQOR_YupVTAGCUSTXbvc/sendMessage?text=2020-02-05%0A%0A10-3-1%0A%0ACALLE+GORBEA+%2F+AVDA+ESPANA%0A%0ARH6%2CBX11%0A%0Ahttp%3A%2F%2Ftinyurl.com%2Fszen2ur&chat_id=1080516 HTTP/1.1" 200 416
INFO:Starting new HTTPS connection (1): api.telegram.org
DEBUG:"POST /bot138950372:AAE_0yTuQaEIMCiCQOR_YupVTAGCUSTXbvc/sendMessage?text=2020-02-05%0A%0A10-4-1%0A%0AAUTOPISTA+CENTRAL+-+DE+NORTE+A+SUR+%2F+ENTRADA+GENERAL+RONDIZZONI%0A%0ARX6%2CBX10%0A%0Ahttp%3A%2F%2Ftinyurl.com%2Fsxsm6rv&chat_id=1080516 HTTP/1.1" 200 453
INFO:Starting new HTTPS connection (1): api.telegram.org
DEBUG:"POST /bot138950372:AAE_0yTuQaEIMCiCQOR_YupVTAGCUSTXbvc/sendMessage?text=2020-02-05%0A%0A10-4-1%0A%0AAVDA+AMERICO+VESPUCIO+%2F+AVDA+CAMINO+LO+BOZA%0A%0ARX8%0A%0Ahttp%3A%2F%2Ftinyurl.com%2Fsmaxok6&chat_id=1080516 HTTP/1.1" 200 428
INFO:Starting new HTTPS connection (1): api.telegram.org
DEBUG:"POST /bot138950372:AAE_0yTuQaEIMCiCQOR_YupVTAGCUSTXbvc/sendMessage?text=2020-02-05%0A%0A10-3-1%0A%0ACALLE+GAMERO+%2F+AVDA+INDEPENDENCIA%0A%0ARX8%0A%0Ahttp%3A%2F%2Ftinyurl.com%2Fru7dw6r&chat_id=1080516 HTTP/1.1" 200 418
INFO:Starting new HTTPS connection (1): api.telegram.org
DEBUG:"POST /bot138950372:AAE_0yTuQaEIMCiCQOR_YupVTAGCUSTXbvc/sendMessage?text=2020-02-05%0A%0A10-5-1%0A%0ACALLE+LOS+CONQUISTADORES+%2F+CALLE+PADRE+LETELIER%0A%0AH4%2CRX14%0A%0Ahttp%3A%2F%2Ftinyurl.com%2Fvrmqtv8&chat_id=1080516 HTTP/1.1" 200 436
INFO:Starting new HTTPS connection (1): api.telegram.org
DEBUG:"POST /bot138950372:AAE_0yTuQaEIMCiCQOR_YupVTAGCUSTXbvc/sendMessage?text=2020-02-05%0A%0A10-6%0A%0ACALLE+OBISPO+DONOSO+%2F+AVDA+PROVIDENCIA%0A%0AH4%2CB3%0A%0Ahttp%3A%2F%2Ftinyurl.com%2Ftohoyey&chat_id=1080516 HTTP/1.1" 200 423
INFO:Starting new HTTPS connection (1): api.telegram.org
DEBUG:"POST /bot138950372:AAE_0yTuQaEIMCiCQOR_YupVTAGCUSTXbvc/sendMessage?text=2020-02-05%0A%0A10-4-1%0A%0ACOSTANERA+NORTE+-+DE+ORIENTE+A+PONIENTE+%2F+SALIDA+BELLAVISTA%0A%0ARX14%2CB3%0A%0Ahttp%3A%2F%2Ftinyurl.com%2Fwbclux4&chat_id=1080516 HTTP/1.1" 200 448
INFO:Starting new HTTPS connection (1): api.telegram.org
DEBUG:"POST /bot138950372:AAE_0yTuQaEIMCiCQOR_YupVTAGCUSTXbvc/sendMessage?text=2020-02-05%0A%0A10-3-5%0A%0ACALLE+BARROS+ARANA+%2F+CALLE+SERRANO%0A%0AM6QN%2CRX8%2CRH12%2CBX21%0A%0Ahttp%3A%2F%2Ftinyurl.com%2Fwfm4dow&chat_id=1080516 HTTP/1.1" 200 434
INFO:Starting new HTTPS connection (1): api.telegram.org
DEBUG:"POST /bot138950372:AAE_0yTuQaEIMCiCQOR_YupVTAGCUSTXbvc/sendMessage?text=2020-02-05%0A%0A10-6%0A%0ACALLE+MARCOLETA+%2F+CALLE+LIRA%0A%0AH17%2CB1%0A%0Ahttp%3A%2F%2Ftinyurl.com%2Fwv3eyfe&chat_id=1080516 HTTP/1.1" 200 414
INFO:Starting new HTTPS connection (1): api.telegram.org
DEBUG:"POST /bot138950372:AAE_0yTuQaEIMCiCQOR_YupVTAGCUSTXbvc/sendMessage?text=2020-02-05%0A%0A10-12+A+10-6%0A%0APSJE+ALVARO+CASANOVA+%2F+AVDA+TALINAY%0A%0AH4%0A%0Ahttp%3A%2F%2Ftinyurl.com%2Ft52qmpy&chat_id=1080516 HTTP/1.1" 200 425
INFO:Starting new HTTPS connection (1): api.telegram.org
DEBUG:"POST /bot138950372:AAE_0yTuQaEIMCiCQOR_YupVTAGCUSTXbvc/sendMessage?text=2020-02-05%0A%0A10-12+A+2da%0A%0ACALLE+LO+ECHEVERS+%2F+AVDA+CAMINO+LO-ECHEVERS%0A%0AB21%0A%0Ahttp%3A%2F%2Ftinyurl.com%2Fs9tl8a5&chat_id=1080516 HTTP/1.1" 200 433
INFO:Starting new HTTPS connection (1): api.telegram.org
DEBUG:"POST /bot138950372:AAE_0yTuQaEIMCiCQOR_YupVTAGCUSTXbvc/sendMessage?text=05%2F02%2F2020+11%3A36%3A44%0A%0A10-9%0A%0AAVDA+PRESIDENTE+BALMACEDA+%2F+CALLE+MORANDE%0A%0AM8%0A%0Ahttp%3A%2F%2Ftinyurl.com%2Fsj4mnqk&chat_id=1080516 HTTP/1.1" 200 432
INFO:Starting new HTTPS connection (1): api.telegram.org
DEBUG:"POST /bot138950372:AAE_0yTuQaEIMCiCQOR_YupVTAGCUSTXbvc/sendMessage?text=05%2F02%2F2020+11%3A36%3A51%0A%0A10-4-1%0A%0AAVDA+VICUNA+MACKENNA+%2F+AVDA+10+DE+JULIO+HUAMACHUCO%0A%0ARX7%2CBT3%0A%0Ahttp%3A%2F%2Ftinyurl.com%2Fwky8f4u&chat_id=1080516 HTTP/1.1" 200 448
INFO:Starting new HTTPS connection (1): api.telegram.org
DEBUG:"POST /bot138950372:AAE_0yTuQaEIMCiCQOR_YupVTAGCUSTXbvc/sendMessage?text=05-02-2020+11%3A39%3A27%0A%0A10-9%0A%0AAVDA+PRESIDENTE+BALMACEDA+%2F+CALLE+MORANDE%0A%0AM8%0A%0Ahttp%3A%2F%2Ftinyurl.com%2Fsj4mnqk&chat_id=1080516 HTTP/1.1" 200 432
INFO:Starting new HTTPS connection (1): api.telegram.org
DEBUG:"POST /bot138950372:AAE_0yTuQaEIMCiCQOR_YupVTAGCUSTXbvc/sendMessage?text=05-02-2020+11%3A39%3A31%0A%0A10-4-1%0A%0AAVDA+VICUNA+MACKENNA+%2F+AVDA+10+DE+JULIO+HUAMACHUCO%0A%0ARX7%2CBT3%0A%0Ahttp%3A%2F%2Ftinyurl.com%2Fwky8f4u&chat_id=1080516 HTTP/1.1" 200 448
INFO:Starting new HTTPS connection (1): api.telegram.org
DEBUG:"POST /bot138950372:AAE_0yTuQaEIMCiCQOR_YupVTAGCUSTXbvc/sendMessage?text=05-02-2020+11%3A39%3A35%0A%0A10-6%0A%0ACALLE+JORGE+MATTE+GORMAZ+%2F+CALLE+ELIECER+PARADA%0A%0AH18%2CRX14%0A%0Ahttp%3A%2F%2Ftinyurl.com%2Fuco3w9x&chat_id=1080516 HTTP/1.1" 200 444
INFO:Starting new HTTPS connection (1): api.telegram.org
DEBUG:"POST /bot138950372:AAE_0yTuQaEIMCiCQOR_YupVTAGCUSTXbvc/sendMessage?text=05-02-2020+11%3A39%3A39%0A%0A10-4-1%0A%0AAVDA+PROVIDENCIA+%2F+AVDA+VICUNA+MACKENNA%0A%0ARX7%2CB3%0A%0Ahttp%3A%2F%2Ftinyurl.com%2Ft6uqwf4&chat_id=1080516 HTTP/1.1" 200 436
INFO:Starting new HTTPS connection (1): api.telegram.org
DEBUG:"POST /bot138950372:AAE_0yTuQaEIMCiCQOR_YupVTAGCUSTXbvc/sendMessage?text=05-02-2020+11%3A39%3A43%0A%0A10-12+A+INC.%0A%0AAVDA+LO+ERRAZURIZ+%2F+AVDA+COSTANERA+NORTE%0A%0AZ2%0A%0Ahttp%3A%2F%2Ftinyurl.com%2Fsbl3rg4&chat_id=1080516 HTTP/1.1" 200 439
INFO:Starting new HTTPS connection (1): api.telegram.org
DEBUG:"POST /bot138950372:AAE_0yTuQaEIMCiCQOR_YupVTAGCUSTXbvc/sendMessage?text=05-02-2020+11%3A39%3A46%0A%0A10-2%0A%0AAVDA+PORTUGAL+%2F+CALLE+SANTA+ELVIRA%0A%0ABX10%0A%0Ahttp%3A%2F%2Ftinyurl.com%2Fqppatcf&chat_id=1080516 HTTP/1.1" 200 427
INFO:Starting new HTTPS connection (1): api.telegram.org
DEBUG:"POST /bot138950372:AAE_0yTuQaEIMCiCQOR_YupVTAGCUSTXbvc/sendMessage?text=05-02-2020+11%3A39%3A49%0A%0A10-4-2%0A%0AAVDA+PIO+NONO+%2F+CALLE+DARDIGNAC%0A%0ARX8%2CRX7%2CB3%0A%0Ahttp%3A%2F%2Ftinyurl.com%2Fstjh6te&chat_id=1080516 HTTP/1.1" 200 432
INFO:Starting new HTTPS connection (1): api.telegram.org
DEBUG:"POST /bot138950372:AAE_0yTuQaEIMCiCQOR_YupVTAGCUSTXbvc/sendMessage?text=05-02-2020+11%3A39%3A52%0A%0A10-12+A+10-5%0A%0ACALLE+FRANKFURT+%2F+CALLE+SAN+NICOLAS%0A%0AH17%0A%0Ahttp%3A%2F%2Ftinyurl.com%2Fuufeul2&chat_id=1080516 HTTP/1.1" 200 435
INFO:Starting new HTTPS connection (1): api.telegram.org
DEBUG:"POST /bot138950372:AAE_0yTuQaEIMCiCQOR_YupVTAGCUSTXbvc/sendMessage?text=05-02-2020+11%3A39%3A57%0A%0A10-4-1%0A%0AAVDA+SEMINARIO+%2F+AVDA+RANCAGUA%0A%0ARX7%2CB3%0A%0Ahttp%3A%2F%2Ftinyurl.com%2Fqoe3wcv&chat_id=1080516 HTTP/1.1" 200 427
INFO:Starting new HTTPS connection (1): api.telegram.org
DEBUG:"POST /bot138950372:AAE_0yTuQaEIMCiCQOR_YupVTAGCUSTXbvc/sendMessage?text=05-02-2020+11%3A40%3A01%0A%0A10-3-1%0A%0ACALLE+GORBEA+%2F+AVDA+ESPANA%0A%0ARH6%2CBX11%0A%0Ahttp%3A%2F%2Ftinyurl.com%2Fszen2ur&chat_id=1080516 HTTP/1.1" 200 425
INFO:Starting new HTTPS connection (1): api.telegram.org
DEBUG:"POST /bot138950372:AAE_0yTuQaEIMCiCQOR_YupVTAGCUSTXbvc/sendMessage?text=05-02-2020+11%3A40%3A05%0A%0A10-4-1%0A%0AAUTOPISTA+CENTRAL+-+DE+NORTE+A+SUR+%2F+ENTRADA+GENERAL+RONDIZZONI%0A%0ARX6%2CBX10%0A%0Ahttp%3A%2F%2Ftinyurl.com%2Fsxsm6rv&chat_id=1080516 HTTP/1.1" 200 463
INFO:Starting new HTTPS connection (1): api.telegram.org
DEBUG:"POST /bot138950372:AAE_0yTuQaEIMCiCQOR_YupVTAGCUSTXbvc/sendMessage?text=05-02-2020+11%3A40%3A09%0A%0A10-4-1%0A%0AAVDA+AMERICO+VESPUCIO+%2F+AVDA+CAMINO+LO+BOZA%0A%0ARX8%0A%0Ahttp%3A%2F%2Ftinyurl.com%2Fsmaxok6&chat_id=1080516 HTTP/1.1" 200 437
INFO:Starting new HTTPS connection (1): api.telegram.org
DEBUG:"POST /bot138950372:AAE_0yTuQaEIMCiCQOR_YupVTAGCUSTXbvc/sendMessage?text=05-02-2020+11%3A40%3A13%0A%0A10-3-1%0A%0ACALLE+GAMERO+%2F+AVDA+INDEPENDENCIA%0A%0ARX8%0A%0Ahttp%3A%2F%2Ftinyurl.com%2Fru7dw6r&chat_id=1080516 HTTP/1.1" 200 427
INFO:Starting new HTTPS connection (1): api.telegram.org
DEBUG:"POST /bot138950372:AAE_0yTuQaEIMCiCQOR_YupVTAGCUSTXbvc/sendMessage?text=05-02-2020+11%3A40%3A17%0A%0A10-5-1%0A%0ACALLE+LOS+CONQUISTADORES+%2F+CALLE+PADRE+LETELIER%0A%0AH4%2CRX14%0A%0Ahttp%3A%2F%2Ftinyurl.com%2Fvrmqtv8&chat_id=1080516 HTTP/1.1" 200 445
INFO:Starting new HTTPS connection (1): api.telegram.org
DEBUG:"POST /bot138950372:AAE_0yTuQaEIMCiCQOR_YupVTAGCUSTXbvc/sendMessage?text=05-02-2020+11%3A40%3A21%0A%0A10-6%0A%0ACALLE+OBISPO+DONOSO+%2F+AVDA+PROVIDENCIA%0A%0AH4%2CB3%0A%0Ahttp%3A%2F%2Ftinyurl.com%2Ftohoyey&chat_id=1080516 HTTP/1.1" 200 432
INFO:Starting new HTTPS connection (1): api.telegram.org
DEBUG:"POST /bot138950372:AAE_0yTuQaEIMCiCQOR_YupVTAGCUSTXbvc/sendMessage?text=05-02-2020+11%3A40%3A25%0A%0A10-4-1%0A%0ACOSTANERA+NORTE+-+DE+ORIENTE+A+PONIENTE+%2F+SALIDA+BELLAVISTA%0A%0ARX14%2CB3%0A%0Ahttp%3A%2F%2Ftinyurl.com%2Fwbclux4&chat_id=1080516 HTTP/1.1" 200 457
INFO:Starting new HTTPS connection (1): api.telegram.org
DEBUG:"POST /bot138950372:AAE_0yTuQaEIMCiCQOR_YupVTAGCUSTXbvc/sendMessage?text=05-02-2020+11%3A40%3A28%0A%0A10-3-5%0A%0ACALLE+BARROS+ARANA+%2F+CALLE+SERRANO%0A%0AM6QN%2CRX8%2CRH12%2CBX21%0A%0Ahttp%3A%2F%2Ftinyurl.com%2Fwfm4dow&chat_id=1080516 HTTP/1.1" 200 443
INFO:Starting new HTTPS connection (1): api.telegram.org
DEBUG:"POST /bot138950372:AAE_0yTuQaEIMCiCQOR_YupVTAGCUSTXbvc/sendMessage?text=05-02-2020+11%3A40%3A31%0A%0A10-6%0A%0ACALLE+MARCOLETA+%2F+CALLE+LIRA%0A%0AH17%2CB1%0A%0Ahttp%3A%2F%2Ftinyurl.com%2Fwv3eyfe&chat_id=1080516 HTTP/1.1" 200 423
INFO:Starting new HTTPS connection (1): api.telegram.org
DEBUG:"POST /bot138950372:AAE_0yTuQaEIMCiCQOR_YupVTAGCUSTXbvc/sendMessage?text=05-02-2020+11%3A40%3A35%0A%0A10-12+A+10-6%0A%0APSJE+ALVARO+CASANOVA+%2F+AVDA+TALINAY%0A%0AH4%0A%0Ahttp%3A%2F%2Ftinyurl.com%2Ft52qmpy&chat_id=1080516 HTTP/1.1" 200 434
INFO:Starting new HTTPS connection (1): api.telegram.org
DEBUG:"POST /bot138950372:AAE_0yTuQaEIMCiCQOR_YupVTAGCUSTXbvc/sendMessage?text=05-02-2020+11%3A40%3A38%0A%0A10-12+A+2da%0A%0ACALLE+LO+ECHEVERS+%2F+AVDA+CAMINO+LO-ECHEVERS%0A%0AB21%0A%0Ahttp%3A%2F%2Ftinyurl.com%2Fs9tl8a5&chat_id=1080516 HTTP/1.1" 200 442
INFO:Starting new HTTPS connection (1): api.telegram.org
DEBUG:"POST /bot138950372:AAE_0yTuQaEIMCiCQOR_YupVTAGCUSTXbvc/sendMessage?text=06-02-2020+09%3A42%3A32%0A%0A10-0-2%0A%0ACALLE+ANTONIO+DE+PASTRANA+%2F+AVDA+NUEVA+COSTANERA%0A%0AB18%2CQ15%2CBM20%2CM8%2CRX14%0A%0Ahttp%3A%2F%2Ftinyurl.com%2Fwtauotk&chat_id=1080516 HTTP/1.1" 200 460
INFO:Starting new HTTPS connection (1): api.telegram.org
DEBUG:"POST /bot138950372:AAE_0yTuQaEIMCiCQOR_YupVTAGCUSTXbvc/sendMessage?text=06-02-2020+09%3A42%3A35%0A%0ASALE+Q6+A+10-0-1%0A%0AAVDA+SANTA+ROSA+%2F+CALLE+FRANKLIN%0A%0AQ6%0A%0Ahttp%3A%2F%2Ftinyurl.com%2Fsaoqdva&chat_id=394255799 HTTP/1.1" 403 76
INFO:Starting new HTTPS connection (1): api.telegram.org
DEBUG:"POST /bot138950372:AAE_0yTuQaEIMCiCQOR_YupVTAGCUSTXbvc/sendMessage?text=06-02-2020+09%3A42%3A35%0A%0ASALE+Q6+A+10-0-1%0A%0AAVDA+SANTA+ROSA+%2F+CALLE+FRANKLIN%0A%0AQ6%0A%0Ahttp%3A%2F%2Ftinyurl.com%2Fsaoqdva&chat_id=1080516 HTTP/1.1" 200 435
INFO:Starting new HTTPS connection (1): api.telegram.org
DEBUG:"POST /bot138950372:AAE_0yTuQaEIMCiCQOR_YupVTAGCUSTXbvc/sendMessage?text=06-02-2020+09%3A42%3A38%0A%0A10-0-1%0A%0AAVDA+SANTA+ROSA+%2F+CALLE+FRANKLIN%0A%0AB10%2CBT3%2CQ7%0A%0Ahttp%3A%2F%2Ftinyurl.com%2Ftcfnbyj&chat_id=1080516 HTTP/1.1" 200 433
INFO:Starting new HTTPS connection (1): api.telegram.org
DEBUG:"POST /bot138950372:AAE_0yTuQaEIMCiCQOR_YupVTAGCUSTXbvc/sendMessage?text=06-02-2020+09%3A42%3A42%0A%0A10-3-4%0A%0ACALLE+ECHAURREN+%2F+CALLE+GRAJALES%0A%0AMX2QN%2CRX6%2CB11%0A%0Ahttp%3A%2F%2Ftinyurl.com%2Fsxmbe5u&chat_id=394255799 HTTP/1.1" 403 76
INFO:Starting new HTTPS connection (1): api.telegram.org
DEBUG:"POST /bot138950372:AAE_0yTuQaEIMCiCQOR_YupVTAGCUSTXbvc/sendMessage?text=06-02-2020+10%3A00%3A43%0A%0A10-0-2%0A%0ACALLE+ANTONIO+DE+PASTRANA+%2F+AVDA+NUEVA+COSTANERA%0A%0AB18%2CQ15%2CBM20%2CM8%2CRX14%0A%0Ahttp%3A%2F%2Ftinyurl.com%2Fwtauotk&chat_id=1080516 HTTP/1.1" 200 460
INFO:Starting new HTTPS connection (1): api.telegram.org
DEBUG:"POST /bot138950372:AAE_0yTuQaEIMCiCQOR_YupVTAGCUSTXbvc/sendMessage?text=06-02-2020+10%3A00%3A46%0A%0ASALE+Q6+A+10-0-1%0A%0AAVDA+SANTA+ROSA+%2F+CALLE+FRANKLIN%0A%0AQ6%0A%0Ahttp%3A%2F%2Ftinyurl.com%2Fsaoqdva&chat_id=394255799 HTTP/1.1" 403 76
INFO:Starting new HTTPS connection (1): api.telegram.org
DEBUG:"POST /bot138950372:AAE_0yTuQaEIMCiCQOR_YupVTAGCUSTXbvc/sendMessage?text=06-02-2020+10%3A00%3A46%0A%0ASALE+Q6+A+10-0-1%0A%0AAVDA+SANTA+ROSA+%2F+CALLE+FRANKLIN%0A%0AQ6%0A%0Ahttp%3A%2F%2Ftinyurl.com%2Fsaoqdva&chat_id=1080516 HTTP/1.1" 200 435
INFO:Starting new HTTPS connection (1): api.telegram.org
DEBUG:"POST /bot138950372:AAE_0yTuQaEIMCiCQOR_YupVTAGCUSTXbvc/sendMessage?text=06-02-2020+10%3A00%3A50%0A%0A10-0-1%0A%0AAVDA+SANTA+ROSA+%2F+CALLE+FRANKLIN%0A%0AB10%2CBT3%2CQ7%0A%0Ahttp%3A%2F%2Ftinyurl.com%2Ftcfnbyj&chat_id=1080516 HTTP/1.1" 200 433
INFO:Starting new HTTPS connection (1): api.telegram.org
DEBUG:"POST /bot138950372:AAE_0yTuQaEIMCiCQOR_YupVTAGCUSTXbvc/sendMessage?text=06-02-2020+10%3A00%3A54%0A%0A10-3-4%0A%0ACALLE+ECHAURREN+%2F+CALLE+GRAJALES%0A%0AMX2QN%2CRX6%2CB11%0A%0Ahttp%3A%2F%2Ftinyurl.com%2Fsxmbe5u&chat_id=394255799 HTTP/1.1" 403 76
DEBUG:(u'1080516',): 06-02-2020, 17:39:01

10-6

CALLE JOSE MIGUEL CLARO / AVDA 11 DE SEPTIEMBRE

H4,BT3

http://tinyurl.com/v45k4sz
INFO:Starting new HTTPS connection (1): api.telegram.org
DEBUG:"POST /bot138950372:AAE_0yTuQaEIMCiCQOR_YupVTAGCUSTXbvc/sendMessage?text=06-02-2020%2C+17%3A39%3A01%0A%0A10-6%0A%0ACALLE+JOSE+MIGUEL+CLARO+%2F+AVDA+11+DE+SEPTIEMBRE%0A%0AH4%2CBT3%0A%0Ahttp%3A%2F%2Ftinyurl.com%2Fv45k4sz&chat_id=1080516 HTTP/1.1" 200 443
DEBUG:(u'88122462',): 06-02-2020, 17:39:01

10-6

CALLE JOSE MIGUEL CLARO / AVDA 11 DE SEPTIEMBRE

H4,BT3

http://tinyurl.com/v45k4sz
INFO:Starting new HTTPS connection (1): api.telegram.org
DEBUG:"POST /bot138950372:AAE_0yTuQaEIMCiCQOR_YupVTAGCUSTXbvc/sendMessage?text=06-02-2020%2C+17%3A39%3A01%0A%0A10-6%0A%0ACALLE+JOSE+MIGUEL+CLARO+%2F+AVDA+11+DE+SEPTIEMBRE%0A%0AH4%2CBT3%0A%0Ahttp%3A%2F%2Ftinyurl.com%2Fv45k4sz&chat_id=88122462 HTTP/1.1" 403 84
DEBUG:(u'164786868',): 06-02-2020, 17:39:01

10-6

CALLE JOSE MIGUEL CLARO / AVDA 11 DE SEPTIEMBRE

H4,BT3

http://tinyurl.com/v45k4sz
INFO:Starting new HTTPS connection (1): api.telegram.org
DEBUG:"POST /bot138950372:AAE_0yTuQaEIMCiCQOR_YupVTAGCUSTXbvc/sendMessage?text=06-02-2020%2C+17%3A39%3A01%0A%0A10-6%0A%0ACALLE+JOSE+MIGUEL+CLARO+%2F+AVDA+11+DE+SEPTIEMBRE%0A%0AH4%2CBT3%0A%0Ahttp%3A%2F%2Ftinyurl.com%2Fv45k4sz&chat_id=164786868 HTTP/1.1" 403 76
DEBUG:(u'203377268',): 06-02-2020, 17:39:01

10-6

CALLE JOSE MIGUEL CLARO / AVDA 11 DE SEPTIEMBRE

H4,BT3

http://tinyurl.com/v45k4sz
INFO:Starting new HTTPS connection (1): api.telegram.org
DEBUG:"POST /bot138950372:AAE_0yTuQaEIMCiCQOR_YupVTAGCUSTXbvc/sendMessage?text=06-02-2020%2C+17%3A39%3A01%0A%0A10-6%0A%0ACALLE+JOSE+MIGUEL+CLARO+%2F+AVDA+11+DE+SEPTIEMBRE%0A%0AH4%2CBT3%0A%0Ahttp%3A%2F%2Ftinyurl.com%2Fv45k4sz&chat_id=203377268 HTTP/1.1" 403 76
DEBUG:(u'48235551',): 06-02-2020, 17:39:01

10-6

CALLE JOSE MIGUEL CLARO / AVDA 11 DE SEPTIEMBRE

H4,BT3

http://tinyurl.com/v45k4sz
INFO:Starting new HTTPS connection (1): api.telegram.org
DEBUG:"POST /bot138950372:AAE_0yTuQaEIMCiCQOR_YupVTAGCUSTXbvc/sendMessage?text=06-02-2020%2C+17%3A39%3A01%0A%0A10-6%0A%0ACALLE+JOSE+MIGUEL+CLARO+%2F+AVDA+11+DE+SEPTIEMBRE%0A%0AH4%2CBT3%0A%0Ahttp%3A%2F%2Ftinyurl.com%2Fv45k4sz&chat_id=48235551 HTTP/1.1" 403 76
DEBUG:(u'235466532',): 06-02-2020, 17:39:01

10-6

CALLE JOSE MIGUEL CLARO / AVDA 11 DE SEPTIEMBRE

H4,BT3

http://tinyurl.com/v45k4sz
INFO:Starting new HTTPS connection (1): api.telegram.org
DEBUG:"POST /bot138950372:AAE_0yTuQaEIMCiCQOR_YupVTAGCUSTXbvc/sendMessage?text=06-02-2020%2C+17%3A39%3A01%0A%0A10-6%0A%0ACALLE+JOSE+MIGUEL+CLARO+%2F+AVDA+11+DE+SEPTIEMBRE%0A%0AH4%2CBT3%0A%0Ahttp%3A%2F%2Ftinyurl.com%2Fv45k4sz&chat_id=235466532 HTTP/1.1" 200 421
DEBUG:(u'534223472',): 06-02-2020, 17:39:01

10-6

CALLE JOSE MIGUEL CLARO / AVDA 11 DE SEPTIEMBRE

H4,BT3

http://tinyurl.com/v45k4sz
INFO:Starting new HTTPS connection (1): api.telegram.org
DEBUG:"POST /bot138950372:AAE_0yTuQaEIMCiCQOR_YupVTAGCUSTXbvc/sendMessage?text=06-02-2020%2C+17%3A39%3A01%0A%0A10-6%0A%0ACALLE+JOSE+MIGUEL+CLARO+%2F+AVDA+11+DE+SEPTIEMBRE%0A%0AH4%2CBT3%0A%0Ahttp%3A%2F%2Ftinyurl.com%2Fv45k4sz&chat_id=534223472 HTTP/1.1" 200 429
DEBUG:(u'22996667',): 06-02-2020, 17:39:01

10-6

CALLE JOSE MIGUEL CLARO / AVDA 11 DE SEPTIEMBRE

H4,BT3

http://tinyurl.com/v45k4sz
INFO:Starting new HTTPS connection (1): api.telegram.org
DEBUG:"POST /bot138950372:AAE_0yTuQaEIMCiCQOR_YupVTAGCUSTXbvc/sendMessage?text=06-02-2020%2C+17%3A39%3A01%0A%0A10-6%0A%0ACALLE+JOSE+MIGUEL+CLARO+%2F+AVDA+11+DE+SEPTIEMBRE%0A%0AH4%2CBT3%0A%0Ahttp%3A%2F%2Ftinyurl.com%2Fv45k4sz&chat_id=22996667 HTTP/1.1" 200 427
DEBUG:(u'581956723',): 06-02-2020, 17:39:01

10-6

CALLE JOSE MIGUEL CLARO / AVDA 11 DE SEPTIEMBRE

H4,BT3

http://tinyurl.com/v45k4sz
INFO:Starting new HTTPS connection (1): api.telegram.org
DEBUG:"POST /bot138950372:AAE_0yTuQaEIMCiCQOR_YupVTAGCUSTXbvc/sendMessage?text=06-02-2020%2C+17%3A39%3A01%0A%0A10-6%0A%0ACALLE+JOSE+MIGUEL+CLARO+%2F+AVDA+11+DE+SEPTIEMBRE%0A%0AH4%2CBT3%0A%0Ahttp%3A%2F%2Ftinyurl.com%2Fv45k4sz&chat_id=581956723 HTTP/1.1" 200 404
DEBUG:(u'92190929',): 06-02-2020, 17:39:01

10-6

CALLE JOSE MIGUEL CLARO / AVDA 11 DE SEPTIEMBRE

H4,BT3

http://tinyurl.com/v45k4sz
INFO:Starting new HTTPS connection (1): api.telegram.org
DEBUG:"POST /bot138950372:AAE_0yTuQaEIMCiCQOR_YupVTAGCUSTXbvc/sendMessage?text=06-02-2020%2C+17%3A39%3A01%0A%0A10-6%0A%0ACALLE+JOSE+MIGUEL+CLARO+%2F+AVDA+11+DE+SEPTIEMBRE%0A%0AH4%2CBT3%0A%0Ahttp%3A%2F%2Ftinyurl.com%2Fv45k4sz&chat_id=92190929 HTTP/1.1" 200 430
DEBUG:(u'924334648',): 06-02-2020, 17:39:01

10-6

CALLE JOSE MIGUEL CLARO / AVDA 11 DE SEPTIEMBRE

H4,BT3

http://tinyurl.com/v45k4sz
INFO:Starting new HTTPS connection (1): api.telegram.org
DEBUG:"POST /bot138950372:AAE_0yTuQaEIMCiCQOR_YupVTAGCUSTXbvc/sendMessage?text=06-02-2020%2C+17%3A39%3A01%0A%0A10-6%0A%0ACALLE+JOSE+MIGUEL+CLARO+%2F+AVDA+11+DE+SEPTIEMBRE%0A%0AH4%2CBT3%0A%0Ahttp%3A%2F%2Ftinyurl.com%2Fv45k4sz&chat_id=924334648 HTTP/1.1" 200 426
DEBUG:(u'636967489',): 06-02-2020, 17:39:01

10-6

CALLE JOSE MIGUEL CLARO / AVDA 11 DE SEPTIEMBRE

H4,BT3

http://tinyurl.com/v45k4sz
INFO:Starting new HTTPS connection (1): api.telegram.org
DEBUG:"POST /bot138950372:AAE_0yTuQaEIMCiCQOR_YupVTAGCUSTXbvc/sendMessage?text=06-02-2020%2C+17%3A39%3A01%0A%0A10-6%0A%0ACALLE+JOSE+MIGUEL+CLARO+%2F+AVDA+11+DE+SEPTIEMBRE%0A%0AH4%2CBT3%0A%0Ahttp%3A%2F%2Ftinyurl.com%2Fv45k4sz&chat_id=636967489 HTTP/1.1" 200 423
DEBUG:(u'887303816',): 06-02-2020, 17:39:01

10-6

CALLE JOSE MIGUEL CLARO / AVDA 11 DE SEPTIEMBRE

H4,BT3

http://tinyurl.com/v45k4sz
INFO:Starting new HTTPS connection (1): api.telegram.org
DEBUG:"POST /bot138950372:AAE_0yTuQaEIMCiCQOR_YupVTAGCUSTXbvc/sendMessage?text=06-02-2020%2C+17%3A39%3A01%0A%0A10-6%0A%0ACALLE+JOSE+MIGUEL+CLARO+%2F+AVDA+11+DE+SEPTIEMBRE%0A%0AH4%2CBT3%0A%0Ahttp%3A%2F%2Ftinyurl.com%2Fv45k4sz&chat_id=887303816 HTTP/1.1" 200 399
